<?xml version="1.0" encoding="UTF-8"?>
<testng-results ignored="0" total="1" passed="1" failed="0" skipped="0">
  <reporter-output>
  </reporter-output>
  <suite started-at="2025-03-18T10:55:01 IST" name="Suite" finished-at="2025-03-18T10:55:14 IST" duration-ms="12377">
    <groups>
    </groups>
    <test started-at="2025-03-18T10:55:01 IST" name="Test" finished-at="2025-03-18T10:55:14 IST" duration-ms="12377">
      <class name="test.TC_001LoginTest">
        <test-method is-config="true" signature="reportIniatialization()[pri:0, instance:test.TC_001LoginTest@3b69e7d1]" started-at="2025-03-18T10:55:01 IST" name="reportIniatialization" finished-at="2025-03-18T10:55:01 IST" duration-ms="330" status="PASS">
          <reporter-output>
          </reporter-output>
        </test-method> <!-- reportIniatialization -->
        <test-method is-config="true" signature="setup()[pri:0, instance:test.TC_001LoginTest@3b69e7d1]" started-at="2025-03-18T10:55:01 IST" name="setup" finished-at="2025-03-18T10:55:01 IST" duration-ms="1" status="PASS">
          <reporter-output>
          </reporter-output>
        </test-method> <!-- setup -->
        <test-method is-config="true" signature="testDetails()[pri:0, instance:test.TC_001LoginTest@3b69e7d1]" started-at="2025-03-18T10:55:01 IST" name="testDetails" finished-at="2025-03-18T10:55:01 IST" duration-ms="10" status="PASS">
          <reporter-output>
          </reporter-output>
        </test-method> <!-- testDetails -->
        <test-method is-config="true" signature="launchBrowser(java.lang.String,java.lang.String)[pri:0, instance:test.TC_001LoginTest@3b69e7d1]" started-at="2025-03-18T10:55:03 IST" name="launchBrowser" finished-at="2025-03-18T10:55:09 IST" duration-ms="6722" status="PASS">
          <params>
            <param index="0">
              <value>
                <![CDATA[https://opensource-demo.orangehrmlive.com/web/index.php/auth/login]]>
              </value>
            </param>
            <param index="1">
              <value>
                <![CDATA[chrome]]>
              </value>
            </param>
          </params>
          <reporter-output>
          </reporter-output>
        </test-method> <!-- launchBrowser -->
        <test-method signature="loginTest(java.lang.String,java.lang.String,java.lang.String,java.lang.String)[pri:0, instance:test.TC_001LoginTest@3b69e7d1]" started-at="2025-03-18T10:55:09 IST" name="loginTest" data-provider="readData" finished-at="2025-03-18T10:55:13 IST" duration-ms="3550" status="PASS">
          <params>
            <param index="0">
              <value>
                <![CDATA[Admin]]>
              </value>
            </param>
            <param index="1">
              <value>
                <![CDATA[admin123]]>
              </value>
            </param>
            <param index="2">
              <value>
                <![CDATA[ValidUNValidPass]]>
              </value>
            </param>
            <param index="3">
              <value>
                <![CDATA[Dashboard]]>
              </value>
            </param>
          </params>
          <reporter-output>
          </reporter-output>
        </test-method> <!-- loginTest -->
        <test-method is-config="true" signature="browserClose()[pri:0, instance:test.TC_001LoginTest@3b69e7d1]" started-at="2025-03-18T10:55:13 IST" name="browserClose" finished-at="2025-03-18T10:55:14 IST" duration-ms="93" status="PASS">
          <reporter-output>
          </reporter-output>
        </test-method> <!-- browserClose -->
        <test-method is-config="true" signature="closeReport()[pri:0, instance:test.TC_001LoginTest@3b69e7d1]" started-at="2025-03-18T10:55:14 IST" name="closeReport" finished-at="2025-03-18T10:55:14 IST" duration-ms="396" status="PASS">
          <reporter-output>
          </reporter-output>
        </test-method> <!-- closeReport -->
      </class> <!-- test.TC_001LoginTest -->
    </test> <!-- Test -->
  </suite> <!-- Suite -->
</testng-results>
